Copyright 1986-2017 Xilinx, Inc. All Rights Reserved.
-----------------------------------------------------------------------------------------------
| Tool Version : Vivado v.2017.4 (win64) Build 2086221 Fri Dec 15 20:55:39 MST 2017
| Date         : Thu Jun 28 21:42:57 2018
| Host         : LEON-SCHMIDT-HP running 64-bit major release  (build 9200)
| Command      : report_control_sets -verbose -file keyboard_controler_control_sets_placed.rpt
| Design       : keyboard_controler
| Device       : xc7a100t
-----------------------------------------------------------------------------------------------

Control Set Information

Table of Contents
-----------------
1. Summary
2. Flip-Flop Distribution
3. Detailed Control Set Information

1. Summary
----------

+----------------------------------------------------------+-------+
|                          Status                          | Count |
+----------------------------------------------------------+-------+
| Number of unique control sets                            |    13 |
| Unused register locations in slices containing registers |    61 |
+----------------------------------------------------------+-------+


2. Flip-Flop Distribution
-------------------------

+--------------+-----------------------+------------------------+-----------------+--------------+
| Clock Enable | Synchronous Set/Reset | Asynchronous Set/Reset | Total Registers | Total Slices |
+--------------+-----------------------+------------------------+-----------------+--------------+
| No           | No                    | No                     |              15 |            5 |
| No           | No                    | Yes                    |               8 |            2 |
| No           | Yes                   | No                     |               4 |            2 |
| Yes          | No                    | No                     |              16 |           10 |
| Yes          | No                    | Yes                    |              56 |           12 |
| Yes          | Yes                   | No                     |               0 |            0 |
+--------------+-----------------------+------------------------+-----------------+--------------+


3. Detailed Control Set Information
-----------------------------------

+--------------------+-------------------------+-----------------------+------------------+----------------+
|    Clock Signal    |      Enable Signal      |    Set/Reset Signal   | Slice Load Count | Bel Load Count |
+--------------------+-------------------------+-----------------------+------------------+----------------+
| ~t_clock_IBUF_BUFG | scancode_reg[2]_i_1_n_0 |                       |                1 |              1 |
| ~t_clock_IBUF_BUFG | scancode_reg[4]_i_1_n_0 |                       |                1 |              1 |
| ~t_clock_IBUF_BUFG | scancode_reg[7]_i_1_n_0 |                       |                1 |              1 |
| ~t_clock_IBUF_BUFG | scancode_reg[3]_i_1_n_0 |                       |                1 |              1 |
| ~t_clock_IBUF_BUFG | scancode_reg[0]_i_1_n_0 |                       |                1 |              1 |
| ~t_clock_IBUF_BUFG | scancode_reg[1]_i_1_n_0 |                       |                1 |              1 |
| ~t_clock_IBUF_BUFG | scancode_reg[5]_i_1_n_0 |                       |                1 |              1 |
| ~t_clock_IBUF_BUFG | scancode_reg[6]_i_1_n_0 |                       |                1 |              1 |
| ~t_clock_IBUF_BUFG |                         | in_counter[3]_i_1_n_0 |                2 |              4 |
|  clk_IBUF_BUFG     |                         | reset_IBUF            |                2 |              8 |
| ~t_clock_IBUF_BUFG | scancode[7]_i_1_n_0     |                       |                2 |              8 |
|  clk_IBUF_BUFG     |                         |                       |                5 |             15 |
|  clk_IBUF_BUFG     | ce                      | reset_IBUF            |               12 |             56 |
+--------------------+-------------------------+-----------------------+------------------+----------------+


+--------+-----------------------+
| Fanout | Number of ControlSets |
+--------+-----------------------+
| 1      |                     8 |
| 4      |                     1 |
| 8      |                     2 |
| 15     |                     1 |
| 16+    |                     1 |
+--------+-----------------------+


